[05/01/2019 à 17:32:12]"INSERT INTO animals 
        (name, age, owner) VALUES ("Bob", "5", "David")" | Exécution du script : 0.0011591911315918 secondes. parameter : David
[05/01/2019 à 17:32:12]"UPDATE animals SET name="Bob", age="6", owner="David" WHERE id=1" | Exécution du script : 0.032902002334595 secondes. parameter : "David", 1
[05/01/2019 à 17:32:12]"DELETE FROM animals WHERE id=1" | Exécution du script : 0.00060296058654785 secondes. parameter : 1
[05/01/2019 à 17:32:12]"SELECT * FROM animals WHERE id=1" | Exécution du script : 0.00083208084106445 secondes. parameter : 1
[05/01/2019 à 17:32:12]"SELECT * FROM animals  WHERE name="ok" AND id="2" AND age="2" ORDER BY id ASC" | Exécution du script : 0.00084090232849121 secondes. parameter : 
[05/01/2019 à 17:32:12]"SELECT COUNT(*) FROM animals WHERE id="1"" | Exécution du script : 0.00073099136352539 secondes. parameter : 
[05/01/2019 à 17:32:12]"SELECT * FROM animals" | Exécution du script : 0.00054502487182617 secondes. parameter : 
[05/01/2019 à 17:32:38]"INSERT INTO animals 
        (name, age, owner) VALUES ("Bob", "5", "David")" | Exécution du script : 0.00060486793518066 secondes. parameter : David
[05/01/2019 à 17:32:38]"UPDATE animals SET name="Bob", age="6", owner="David" WHERE id=1" | Exécution du script : 0.00033187866210938 secondes. parameter : "David", 1
[05/01/2019 à 17:32:38]"SELECT * FROM animals WHERE id=1" | Exécution du script : 0.00067806243896484 secondes. parameter : 1
[05/01/2019 à 17:32:38]"SELECT * FROM animals  WHERE name="ok" AND id="2" AND age="2" ORDER BY id ASC" | Exécution du script : 0.00077390670776367 secondes. parameter : 
[05/01/2019 à 17:32:38]"SELECT COUNT(*) FROM animals WHERE id="1"" | Exécution du script : 0.0009300708770752 secondes. parameter : 
[05/01/2019 à 17:32:38]"SELECT * FROM animals" | Exécution du script : 0.00038599967956543 secondes. parameter : 
[05/01/2019 à 17:33:05]"INSERT INTO animals 
        (name, age, owner) VALUES ("Bob", "5", "David")" | Exécution du script : 0.00059700012207031 secondes. parameter : David
[05/01/2019 à 17:33:05]"UPDATE animals SET name="Bob", age="6", owner="David" WHERE id=1" | Exécution du script : 0.00039482116699219 secondes. parameter : "David", 1
[05/01/2019 à 17:33:05]"DELETE FROM animals WHERE id=24" | Exécution du script : 0.00037002563476562 secondes. parameter : 24
[05/01/2019 à 17:33:05]"SELECT * FROM animals WHERE id=1" | Exécution du script : 0.00088906288146973 secondes. parameter : 1
[05/01/2019 à 17:33:05]"SELECT * FROM animals  WHERE name="ok" AND id="2" AND age="2" ORDER BY id ASC" | Exécution du script : 0.00099492073059082 secondes. parameter : 
[05/01/2019 à 17:33:05]"SELECT COUNT(*) FROM animals WHERE id="1"" | Exécution du script : 0.00094509124755859 secondes. parameter : 
[05/01/2019 à 17:33:05]"SELECT * FROM animals" | Exécution du script : 0.00049686431884766 secondes. parameter : 
[05/01/2019 à 17:33:15]"INSERT INTO animals 
        (name, age, owner) VALUES ("Bob", "5", "David")" | Exécution du script : 0.00063991546630859 secondes. parameter : David
[05/01/2019 à 17:33:15]"UPDATE animals SET name="Bob", age="6", owner="David" WHERE id=1" | Exécution du script : 0.00060009956359863 secondes. parameter : "David", 1
[05/01/2019 à 17:33:15]"DELETE FROM animals WHERE id=24" | Exécution du script : 0.00046205520629883 secondes. parameter : 24
[05/01/2019 à 17:33:15]"SELECT * FROM animals WHERE id=25" | Exécution du script : 0.0011870861053467 secondes. parameter : 25
[05/01/2019 à 17:33:15]"SELECT * FROM animals  WHERE name="ok" AND id="2" AND age="2" ORDER BY id ASC" | Exécution du script : 0.00095319747924805 secondes. parameter : 
[05/01/2019 à 17:33:15]"SELECT COUNT(*) FROM animals WHERE id="1"" | Exécution du script : 0.0007469654083252 secondes. parameter : 
[05/01/2019 à 17:33:15]"SELECT * FROM animals" | Exécution du script : 0.00045299530029297 secondes. parameter : 
[05/01/2019 à 17:35:04]"INSERT INTO animals 
        (name, age, owner) VALUES ("Bob", "5", "David")" | Exécution du script : 0.00049304962158203 secondes. parameter : David
[05/01/2019 à 17:35:04]"UPDATE animals SET name="Bob", age="6", owner="David" WHERE id=1" | Exécution du script : 0.0004119873046875 secondes. parameter : "David", 1
[05/01/2019 à 17:35:04]"DELETE FROM animals WHERE id=24" | Exécution du script : 0.00027179718017578 secondes. parameter : 24
[05/01/2019 à 17:35:04]"SELECT * FROM animals WHERE id=25" | Exécution du script : 0.00069808959960938 secondes. parameter : 25
[05/01/2019 à 17:35:04]"SELECT * FROM animals  WHERE age="6" ORDER BY id DESC" | Exécution du script : 0.00079202651977539 secondes. parameter : 
[05/01/2019 à 17:35:04]"SELECT COUNT(*) FROM animals WHERE id="1"" | Exécution du script : 0.00075197219848633 secondes. parameter : 
[05/01/2019 à 17:35:04]"SELECT * FROM animals" | Exécution du script : 0.00041007995605469 secondes. parameter : 
[05/01/2019 à 17:35:25]"INSERT INTO animals 
        (name, age, owner) VALUES ("Bob", "5", "David")" | Exécution du script : 0.00038886070251465 secondes. parameter : David
[05/01/2019 à 17:35:25]"UPDATE animals SET name="Bob", age="6", owner="David" WHERE id=24" | Exécution du script : 0.00029182434082031 secondes. parameter : "David", 24
[05/01/2019 à 17:35:25]"DELETE FROM animals WHERE id=24" | Exécution du script : 0.00023603439331055 secondes. parameter : 24
[05/01/2019 à 17:35:25]"SELECT * FROM animals WHERE id=25" | Exécution du script : 0.00063109397888184 secondes. parameter : 25
[05/01/2019 à 17:35:25]"SELECT * FROM animals  WHERE age="6" ORDER BY id DESC" | Exécution du script : 0.00071191787719727 secondes. parameter : 
[05/01/2019 à 17:35:25]"SELECT COUNT(*) FROM animals WHERE id="1"" | Exécution du script : 0.00068402290344238 secondes. parameter : 
[05/01/2019 à 17:35:25]"SELECT * FROM animals" | Exécution du script : 0.0003960132598877 secondes. parameter : 
[05/01/2019 à 17:35:27]"INSERT INTO animals 
        (name, age, owner) VALUES ("Bob", "5", "David")" | Exécution du script : 0.00057697296142578 secondes. parameter : David
[05/01/2019 à 17:35:27]"UPDATE animals SET name="Bob", age="6", owner="David" WHERE id=24" | Exécution du script : 0.00049400329589844 secondes. parameter : "David", 24
[05/01/2019 à 17:35:27]"DELETE FROM animals WHERE id=24" | Exécution du script : 0.00038695335388184 secondes. parameter : 24
[05/01/2019 à 17:35:27]"SELECT * FROM animals WHERE id=25" | Exécution du script : 0.0010280609130859 secondes. parameter : 25
[05/01/2019 à 17:35:27]"SELECT * FROM animals  WHERE age="6" ORDER BY id DESC" | Exécution du script : 0.0011379718780518 secondes. parameter : 
[05/01/2019 à 17:35:27]"SELECT COUNT(*) FROM animals WHERE id="1"" | Exécution du script : 0.0011420249938965 secondes. parameter : 
[05/01/2019 à 17:35:27]"SELECT * FROM animals" | Exécution du script : 0.00068187713623047 secondes. parameter : 
[05/01/2019 à 17:35:33]"INSERT INTO animals 
        (name, age, owner) VALUES ("Bob", "5", "David")" | Exécution du script : 0.00049686431884766 secondes. parameter : David
[05/01/2019 à 17:35:33]"UPDATE animals SET name="Bob", age="6", owner="David" WHERE id=27" | Exécution du script : 0.00063705444335938 secondes. parameter : "David", 27
[05/01/2019 à 17:35:33]"DELETE FROM animals WHERE id=24" | Exécution du script : 0.00033998489379883 secondes. parameter : 24
[05/01/2019 à 17:35:33]"SELECT * FROM animals WHERE id=25" | Exécution du script : 0.00065398216247559 secondes. parameter : 25
[05/01/2019 à 17:35:33]"SELECT * FROM animals  WHERE age="6" ORDER BY id DESC" | Exécution du script : 0.00067806243896484 secondes. parameter : 
[05/01/2019 à 17:35:33]"SELECT COUNT(*) FROM animals WHERE id="1"" | Exécution du script : 0.00050497055053711 secondes. parameter : 
[05/01/2019 à 17:35:33]"SELECT * FROM animals" | Exécution du script : 0.00027990341186523 secondes. parameter : 
[05/01/2019 à 22:11:20]"SELECT * FROM animals WHERE name="bob"" | Exécution du script : 0.001366138458252 secondes. parameter : name=bob
[05/01/2019 à 22:11:37]"SELECT * FROM animals WHERE name="bob"" | Exécution du script : 0.00052118301391602 secondes. parameter : name=bob
[05/01/2019 à 22:11:54]"SELECT * FROM animals WHERE name="bob"" | Exécution du script : 0.00076198577880859 secondes. parameter : name=bob
[05/01/2019 à 22:11:58]"SELECT * FROM animals WHERE name="bob"" | Exécution du script : 0.00055789947509766 secondes. parameter : name=bob
[05/01/2019 à 22:12:12]"SELECT * FROM animals WHERE name="bob"" | Exécution du script : 0.00054311752319336 secondes. parameter : name=bob
[05/01/2019 à 22:13:23]"SELECT * FROM animals WHERE name="bob"" | Exécution du script : 0.0008089542388916 secondes. parameter : name=bob
[05/01/2019 à 22:13:32]"SELECT * FROM animals WHERE name="bobz"" | Exécution du script : 0.00058197975158691 secondes. parameter : name=bobz
[05/01/2019 à 22:13:49]"SELECT * FROM animals WHERE name="bobz"" | Exécution du script : 0.00046801567077637 secondes. parameter : name=bobz
[05/01/2019 à 22:13:53]"SELECT * FROM animals WHERE name="bob"" | Exécution du script : 0.00044584274291992 secondes. parameter : name=bob
[05/01/2019 à 22:14:22]"SELECT * FROM animals WHERE name="bob"" | Exécution du script : 0.00048208236694336 secondes. parameter : name=bob
[05/01/2019 à 22:14:27]"SELECT * FROM animals WHERE name="d"" | Exécution du script : 0.0004420280456543 secondes. parameter : name=d
[05/01/2019 à 22:14:36]"SELECT * FROM animals WHERE name="bob" AND age="2"" | Exécution du script : 0.00048518180847168 secondes. parameter : name=bob,age=2
[05/01/2019 à 22:14:40]"SELECT * FROM animals WHERE name="bob" AND age="6"" | Exécution du script : 0.0005347728729248 secondes. parameter : name=bob,age=6
[05/01/2019 à 22:14:50]"SELECT * FROM animals WHERE name="bob" AND age="6"" | Exécution du script : 0.00063991546630859 secondes. parameter : name=bob,age=6
[05/01/2019 à 22:15:43]"SELECT * FROM animals WHERE name="bob" AND age="6"" | Exécution du script : 0.00056791305541992 secondes. parameter : name=bob,age=6
[05/01/2019 à 22:16:01]"SELECT * FROM animals WHERE name="bob" AND age="6"" | Exécution du script : 0.00051188468933105 secondes. parameter : name=bob,age=6
[05/01/2019 à 22:16:40]"SELECT COUNT(*) FROM animals WHERE id="1"" | Exécution du script : 0.0010409355163574 secondes. parameter : 
[05/01/2019 à 22:16:40]"SELECT * FROM animals WHERE name="bob" AND age="6"" | Exécution du script : 0.00056290626525879 secondes. parameter : name=bob,age=6
[05/01/2019 à 22:17:03]"SELECT COUNT(*) FROM animals WHERE id="1"" | Exécution du script : 0.00077390670776367 secondes. parameter : 
[05/01/2019 à 22:17:03]"SELECT * FROM animals WHERE name="bob" AND age="6"" | Exécution du script : 0.00047087669372559 secondes. parameter : name=bob,age=6
[05/01/2019 à 22:17:33]"SELECT COUNT(*) FROM animals WHERE id="30"" | Exécution du script : 0.00088000297546387 secondes. parameter : 
[05/01/2019 à 22:17:33]"SELECT * FROM animals WHERE name="bob" AND age="6"" | Exécution du script : 0.00051689147949219 secondes. parameter : name=bob,age=6
[05/01/2019 à 22:18:02]"SELECT COUNT(*) FROM animals WHERE id="30"" | Exécution du script : 0.0007472038269043 secondes. parameter : 
[05/01/2019 à 22:18:02]"SELECT * FROM animals WHERE name="bob" AND age="6"" | Exécution du script : 0.0004270076751709 secondes. parameter : name=bob,age=6
[05/01/2019 à 22:18:18]"SELECT COUNT(*) FROM animals WHERE id="30"" | Exécution du script : 0.00070309638977051 secondes. parameter : 
[05/01/2019 à 22:18:18]"SELECT * FROM animals WHERE name="bob" AND age="6"" | Exécution du script : 0.00037312507629395 secondes. parameter : name=bob,age=6
[05/01/2019 à 22:18:27]"SELECT COUNT(*) FROM animals WHERE id="30"" | Exécution du script : 0.00096702575683594 secondes. parameter : 
[05/01/2019 à 22:18:27]"SELECT * FROM animals WHERE name="bob" AND age="6"" | Exécution du script : 0.00063681602478027 secondes. parameter : name=bob,age=6
[05/01/2019 à 22:18:40]"SELECT COUNT(*) FROM animals WHERE id="30"" | Exécution du script : 0.00068807601928711 secondes. parameter : 
[05/01/2019 à 22:18:40]"SELECT * FROM animals WHERE name="bob" AND age="6"" | Exécution du script : 0.0004429817199707 secondes. parameter : name=bob,age=6
[05/01/2019 à 22:19:05]"SELECT COUNT(*) FROM animals WHERE name="bob"" | Exécution du script : 0.0009911060333252 secondes. parameter : 
[05/01/2019 à 22:19:05]"SELECT * FROM animals WHERE name="bob" AND age="6"" | Exécution du script : 0.00049996376037598 secondes. parameter : name=bob,age=6
[05/01/2019 à 22:19:11]"SELECT COUNT(*) FROM animals" | Exécution du script : 0.00056195259094238 secondes. parameter : 
[05/01/2019 à 22:19:11]"SELECT * FROM animals WHERE name="bob" AND age="6"" | Exécution du script : 0.00038480758666992 secondes. parameter : name=bob,age=6
[05/01/2019 à 22:19:30]"SELECT COUNT(*) FROM animals WHERE name="bob"" | Exécution du script : 0.00066494941711426 secondes. parameter : 
[05/01/2019 à 22:19:30]"SELECT * FROM animals WHERE name="bob" AND age="6"" | Exécution du script : 0.00032496452331543 secondes. parameter : name=bob,age=6
[05/01/2019 à 22:19:57]"SELECT COUNT(*) FROM animals WHERE name="bob"" | Exécution du script : 0.0016520023345947 secondes. parameter : 
[05/01/2019 à 22:20:19]"SELECT COUNT(*) FROM animals WHERE name="bob"" | Exécution du script : 0.00075793266296387 secondes. parameter : 
[05/01/2019 à 22:20:19]"SELECT * FROM animals WHERE name="bob" AND age="6"" | Exécution du script : 0.00038814544677734 secondes. parameter : name=bob,age=6
[05/01/2019 à 22:27:37]"SELECT * FROM animals  WHERE age="6" ORDER BY id DESC" | Exécution du script : 0.00088691711425781 secondes. parameter : 
[05/01/2019 à 22:30:59]"SELECT * FROM animals  WHERE age="6" ORDER BY id DESC" | Exécution du script : 0.0011661052703857 secondes. parameter : 
[05/01/2019 à 22:30:59]"SELECT COUNT(*) FROM animals WHERE name="bob"" | Exécution du script : 0.00098991394042969 secondes. parameter : 
[05/01/2019 à 22:32:59]"SELECT * FROM animals  WHERE age="6" ORDER BY id DESC" | Exécution du script : 0.000762939453125 secondes. parameter : 
[05/01/2019 à 22:32:59]"SELECT COUNT(*) FROM animals WHERE name="bob"" | Exécution du script : 0.00054597854614258 secondes. parameter : 
[05/01/2019 à 22:33:45]"SELECT * FROM animals  WHERE age="6" ORDER BY id DESC" | Exécution du script : 0.00088310241699219 secondes. parameter : 
[05/01/2019 à 22:33:45]"SELECT COUNT(*) FROM animals WHERE name="bob"" | Exécution du script : 0.00077295303344727 secondes. parameter : 
[05/01/2019 à 22:34:00]"SELECT * FROM animals  WHERE age="6" ORDER BY id DESC" | Exécution du script : 0.00083804130554199 secondes. parameter : 
[05/01/2019 à 22:34:00]"SELECT COUNT(*) FROM animals WHERE name="bob"" | Exécution du script : 0.00064516067504883 secondes. parameter : 
[05/01/2019 à 22:34:13]"SELECT * FROM animals  WHERE age="6" ORDER BY id DESC" | Exécution du script : 0.00093412399291992 secondes. parameter : 
[05/01/2019 à 22:34:13]"SELECT COUNT(*) FROM animals WHERE name="bob"" | Exécution du script : 0.00085687637329102 secondes. parameter : 
[05/01/2019 à 22:34:21]"SELECT * FROM animals  WHERE age="6" ORDER BY id DESC" | Exécution du script : 0.00069499015808105 secondes. parameter : 
[05/01/2019 à 22:34:21]"SELECT COUNT(*) FROM animals WHERE name="bob"" | Exécution du script : 0.00080585479736328 secondes. parameter : 
[05/01/2019 à 22:34:50]"SELECT * FROM animals  WHERE age="6" ORDER BY id DESC" | Exécution du script : 0.0011851787567139 secondes. parameter : 
[05/01/2019 à 22:34:50]"SELECT COUNT(*) FROM animals WHERE name="bob"" | Exécution du script : 0.0010600090026855 secondes. parameter : 
[05/01/2019 à 22:35:03]"SELECT * FROM animals  WHERE age="6" ORDER BY id DESC" | Exécution du script : 0.00075817108154297 secondes. parameter : 
[05/01/2019 à 22:35:03]"SELECT COUNT(*) FROM animals WHERE name="bob"" | Exécution du script : 0.00092291831970215 secondes. parameter : 
[05/01/2019 à 22:35:13]"SELECT * FROM animals  WHERE age="6" ORDER BY id DESC" | Exécution du script : 0.0011439323425293 secondes. parameter : 
[05/01/2019 à 22:35:13]"SELECT COUNT(*) FROM animals WHERE name="bob"" | Exécution du script : 0.00099015235900879 secondes. parameter : 
[05/01/2019 à 22:35:55]"SELECT * FROM animals  WHERE age="6" ORDER BY id DESC" | Exécution du script : 0.0011410713195801 secondes. parameter : 
[05/01/2019 à 22:35:56]"SELECT COUNT(*) FROM animals WHERE name="bob"" | Exécution du script : 0.00098800659179688 secondes. parameter : 
[05/01/2019 à 22:36:17]"SELECT * FROM animals  WHERE age="6" ORDER BY id DESC" | Exécution du script : 0.00075101852416992 secondes. parameter : 
[05/01/2019 à 22:36:17]"SELECT COUNT(*) FROM animals WHERE name="bob"" | Exécution du script : 0.00061607360839844 secondes. parameter : 
[05/01/2019 à 22:36:39]"SELECT * FROM animals  WHERE age="6" ORDER BY id DESC" | Exécution du script : 0.00082492828369141 secondes. parameter : 
[05/01/2019 à 22:36:39]"SELECT COUNT(*) FROM animals WHERE name="bob"" | Exécution du script : 0.000701904296875 secondes. parameter : 
[05/01/2019 à 22:36:54]"SELECT * FROM animals  WHERE age="6" ORDER BY id DESC" | Exécution du script : 0.00074410438537598 secondes. parameter : 
[05/01/2019 à 22:36:54]"SELECT COUNT(*) FROM animals WHERE name="bob"" | Exécution du script : 0.00073504447937012 secondes. parameter : 
[05/01/2019 à 22:38:07]"SELECT * FROM animals  WHERE age="6" ORDER BY id DESC" | Exécution du script : 0.00087499618530273 secondes. parameter : 
[05/01/2019 à 22:38:07]"SELECT COUNT(*) FROM animals WHERE name="bob"" | Exécution du script : 0.00071907043457031 secondes. parameter : 
[05/01/2019 à 22:42:01]"SELECT * FROM animals  WHERE age="6" ORDER BY id DESC" | Exécution du script : 0.00087904930114746 secondes. parameter : 
[05/01/2019 à 22:42:01]"SELECT COUNT(*) FROM animals WHERE name="bob"" | Exécution du script : 0.00071501731872559 secondes. parameter : 
[05/01/2019 à 22:42:29]"SELECT * FROM animals  WHERE age="6" ORDER BY id DESC" | Exécution du script : 0.0012600421905518 secondes. parameter : 
[05/01/2019 à 22:42:29]"SELECT COUNT(*) FROM animals WHERE name="bob"" | Exécution du script : 0.0010590553283691 secondes. parameter : 
[05/01/2019 à 22:42:49]"SELECT * FROM animals  WHERE age="6" ORDER BY id DESC" | Exécution du script : 0.0008540153503418 secondes. parameter : 
[05/01/2019 à 22:42:49]"SELECT COUNT(*) FROM animals WHERE name="bob"" | Exécution du script : 0.00081992149353027 secondes. parameter : 
[05/01/2019 à 22:43:13]"SELECT * FROM animals  WHERE age="6" ORDER BY id DESC" | Exécution du script : 0.00062990188598633 secondes. parameter : 
[05/01/2019 à 22:43:13]"SELECT COUNT(*) FROM animals WHERE name="bob"" | Exécution du script : 0.00041508674621582 secondes. parameter : 
[05/01/2019 à 22:44:27]"SELECT * FROM animals  WHERE age="6" ORDER BY id DESC" | Exécution du script : 0.00087904930114746 secondes. parameter : 
[05/01/2019 à 22:44:27]"SELECT COUNT(*) FROM animals WHERE name="bob"" | Exécution du script : 0.00065708160400391 secondes. parameter : 
[05/01/2019 à 22:44:29]"SELECT * FROM animals  WHERE age="6" ORDER BY id DESC" | Exécution du script : 0.0007789134979248 secondes. parameter : 
[05/01/2019 à 22:44:29]"SELECT COUNT(*) FROM animals WHERE name="bob"" | Exécution du script : 0.00070309638977051 secondes. parameter : 
[05/01/2019 à 22:44:47]"SELECT * FROM animals  WHERE age="6" ORDER BY id DESC" | Exécution du script : 0.00075006484985352 secondes. parameter : 
[05/01/2019 à 22:44:47]"SELECT COUNT(*) FROM animals WHERE name="bob"" | Exécution du script : 0.00062799453735352 secondes. parameter : 
[05/01/2019 à 22:46:04]"SELECT * FROM animals  WHERE age="6" ORDER BY id DESC" | Exécution du script : 0.00082993507385254 secondes. parameter : 
[05/01/2019 à 22:46:04]"SELECT COUNT(*) FROM animals WHERE name="bob"" | Exécution du script : 0.00068998336791992 secondes. parameter : 
[05/01/2019 à 22:46:24]"SELECT * FROM animals  WHERE age="6" ORDER BY id DESC" | Exécution du script : 0.00074911117553711 secondes. parameter : 
[05/01/2019 à 22:46:24]"SELECT COUNT(*) FROM animals WHERE name="bob"" | Exécution du script : 0.00059890747070312 secondes. parameter : 
[05/01/2019 à 22:48:53]"SELECT * FROM animals  WHERE age="6" ORDER BY id DESC" | Exécution du script : 0.00073409080505371 secondes. parameter : 
[05/01/2019 à 22:48:53]"SELECT COUNT(*) FROM animals WHERE name="bob"" | Exécution du script : 0.00092697143554688 secondes. parameter : 
[05/01/2019 à 22:49:18]"SELECT * FROM animals  WHERE age="6" ORDER BY id DESC" | Exécution du script : 0.00079798698425293 secondes. parameter : 
[05/01/2019 à 22:49:18]"SELECT COUNT(*) FROM animals WHERE name="bob"" | Exécution du script : 0.00062298774719238 secondes. parameter : 
[05/01/2019 à 22:49:22]"SELECT * FROM animals  WHERE age="6" ORDER BY id DESC" | Exécution du script : 0.0007479190826416 secondes. parameter : 
[05/01/2019 à 22:49:22]"SELECT COUNT(*) FROM animals WHERE name="bob"" | Exécution du script : 0.000762939453125 secondes. parameter : 
[05/01/2019 à 22:49:33]"SELECT * FROM animals  WHERE age="6" ORDER BY id DESC" | Exécution du script : 0.00080513954162598 secondes. parameter : 
[05/01/2019 à 22:49:33]"SELECT COUNT(*) FROM animals WHERE name="bob"" | Exécution du script : 0.00058197975158691 secondes. parameter : 
[05/01/2019 à 22:49:58]"SELECT * FROM animals  WHERE age="6" ORDER BY id DESC" | Exécution du script : 0.00071001052856445 secondes. parameter : 
[05/01/2019 à 22:49:58]"SELECT COUNT(*) FROM animals WHERE name="bob"" | Exécution du script : 0.00066709518432617 secondes. parameter : 
[05/01/2019 à 22:49:59]"SELECT * FROM animals  WHERE age="6" ORDER BY id DESC" | Exécution du script : 0.0013480186462402 secondes. parameter : 
[05/01/2019 à 22:49:59]"SELECT COUNT(*) FROM animals WHERE name="bob"" | Exécution du script : 0.0011460781097412 secondes. parameter : 
[05/01/2019 à 22:49:59]"SELECT * FROM animals  WHERE age="6" ORDER BY id DESC" | Exécution du script : 0.00069689750671387 secondes. parameter : 
[05/01/2019 à 22:49:59]"SELECT COUNT(*) FROM animals WHERE name="bob"" | Exécution du script : 0.00081014633178711 secondes. parameter : 
[05/01/2019 à 22:49:59]"SELECT * FROM animals  WHERE age="6" ORDER BY id DESC" | Exécution du script : 0.0006711483001709 secondes. parameter : 
[05/01/2019 à 22:49:59]"SELECT COUNT(*) FROM animals WHERE name="bob"" | Exécution du script : 0.00059294700622559 secondes. parameter : 
[05/01/2019 à 22:49:59]"SELECT * FROM animals  WHERE age="6" ORDER BY id DESC" | Exécution du script : 0.00064706802368164 secondes. parameter : 
[05/01/2019 à 22:49:59]"SELECT COUNT(*) FROM animals WHERE name="bob"" | Exécution du script : 0.00067901611328125 secondes. parameter : 
[05/01/2019 à 22:50:10]"SELECT * FROM animals  WHERE age="6" ORDER BY id DESC" | Exécution du script : 0.00081300735473633 secondes. parameter : 
[05/01/2019 à 22:50:10]"SELECT COUNT(*) FROM animals WHERE name="bob"" | Exécution du script : 0.00064301490783691 secondes. parameter : 
[05/01/2019 à 22:51:24]"SELECT * FROM animals  WHERE age="6" ORDER BY id DESC" | Exécution du script : 0.0010340213775635 secondes. parameter : 
[05/01/2019 à 22:51:24]"SELECT COUNT(*) FROM animals WHERE name="bob"" | Exécution du script : 0.00083780288696289 secondes. parameter : 
[05/01/2019 à 22:51:29]"SELECT * FROM animals  WHERE age="6" ORDER BY id DESC" | Exécution du script : 0.00098609924316406 secondes. parameter : 
[05/01/2019 à 22:51:29]"SELECT COUNT(*) FROM animals WHERE name="bob"" | Exécution du script : 0.0010819435119629 secondes. parameter : 
[05/01/2019 à 22:51:29]"SELECT * FROM animals  WHERE age="6" ORDER BY id DESC" | Exécution du script : 0.00093412399291992 secondes. parameter : 
[05/01/2019 à 22:51:29]"SELECT COUNT(*) FROM animals WHERE name="bob"" | Exécution du script : 0.00086402893066406 secondes. parameter : 
[05/01/2019 à 22:51:29]"SELECT * FROM animals  WHERE age="6" ORDER BY id DESC" | Exécution du script : 0.00066304206848145 secondes. parameter : 
[05/01/2019 à 22:51:29]"SELECT COUNT(*) FROM animals WHERE name="bob"" | Exécution du script : 0.00065898895263672 secondes. parameter : 
[05/01/2019 à 22:51:44]"SELECT * FROM animals  WHERE age="6" ORDER BY id DESC" | Exécution du script : 0.00072407722473145 secondes. parameter : 
[05/01/2019 à 22:51:44]"SELECT COUNT(*) FROM animals WHERE name="bob"" | Exécution du script : 0.00075507164001465 secondes. parameter : 
[05/01/2019 à 22:52:22]"SELECT * FROM animals  WHERE age="6" ORDER BY id DESC" | Exécution du script : 0.00089502334594727 secondes. parameter : 
[05/01/2019 à 22:52:22]"SELECT COUNT(*) FROM animals WHERE name="bob"" | Exécution du script : 0.00063514709472656 secondes. parameter : 
[05/01/2019 à 22:53:19]"SELECT * FROM animals  WHERE age="6" ORDER BY id DESC" | Exécution du script : 0.00092387199401855 secondes. parameter : 
[05/01/2019 à 22:53:19]"SELECT COUNT(*) FROM animals WHERE name="bob"" | Exécution du script : 0.00069093704223633 secondes. parameter : 
[05/01/2019 à 22:54:02]"SELECT * FROM animals  WHERE age="6" ORDER BY id DESC" | Exécution du script : 0.00068116188049316 secondes. parameter : 
[05/01/2019 à 22:54:02]"SELECT COUNT(*) FROM animals WHERE name="bob"" | Exécution du script : 0.00058984756469727 secondes. parameter : 
[05/01/2019 à 22:54:53]"SELECT * FROM animals  WHERE age="6" ORDER BY id DESC" | Exécution du script : 0.00090694427490234 secondes. parameter : 
[05/01/2019 à 22:54:53]"SELECT COUNT(*) FROM animals WHERE name="bob"" | Exécution du script : 0.00071287155151367 secondes. parameter : 
[05/01/2019 à 22:55:06]"SELECT * FROM animals  WHERE age="6" ORDER BY id DESC" | Exécution du script : 0.00069189071655273 secondes. parameter : 
[05/01/2019 à 22:55:06]"SELECT COUNT(*) FROM animals WHERE name="bob"" | Exécution du script : 0.00060606002807617 secondes. parameter : 
[05/01/2019 à 22:55:35]"SELECT * FROM animals WHERE id=1" | Exécution du script : 0.00083804130554199 secondes. parameter : 1
[05/01/2019 à 22:55:35]"SELECT * FROM animals  WHERE age="6" ORDER BY id DESC" | Exécution du script : 0.00084996223449707 secondes. parameter : 
[05/01/2019 à 22:55:35]"SELECT COUNT(*) FROM animals WHERE name="bob"" | Exécution du script : 0.0013220310211182 secondes. parameter : 
[05/01/2019 à 22:55:40]"SELECT * FROM animals WHERE id=30" | Exécution du script : 0.00097417831420898 secondes. parameter : 30
[05/01/2019 à 22:55:40]"SELECT * FROM animals  WHERE age="6" ORDER BY id DESC" | Exécution du script : 0.0011188983917236 secondes. parameter : 
[05/01/2019 à 22:55:40]"SELECT COUNT(*) FROM animals WHERE name="bob"" | Exécution du script : 0.0011000633239746 secondes. parameter : 
[05/01/2019 à 22:56:09]"SELECT * FROM animals WHERE id=30" | Exécution du script : 0.00068998336791992 secondes. parameter : 30
[05/01/2019 à 22:56:09]"SELECT * FROM animals  WHERE age="6" ORDER BY id DESC" | Exécution du script : 0.00079107284545898 secondes. parameter : 
[05/01/2019 à 22:56:09]"SELECT COUNT(*) FROM animals WHERE name="bob"" | Exécution du script : 0.00067591667175293 secondes. parameter : 
[05/01/2019 à 22:56:32]"SELECT * FROM animals WHERE id=30" | Exécution du script : 0.00073814392089844 secondes. parameter : 30
[05/01/2019 à 22:56:32]"SELECT * FROM animals  WHERE age="6" ORDER BY id DESC" | Exécution du script : 0.00055193901062012 secondes. parameter : 
[05/01/2019 à 22:56:32]"SELECT COUNT(*) FROM animals WHERE name="bob"" | Exécution du script : 0.00073790550231934 secondes. parameter : 
[05/01/2019 à 22:57:12]"SELECT * FROM animals WHERE id=30" | Exécution du script : 0.00073599815368652 secondes. parameter : 30
[05/01/2019 à 22:57:12]"SELECT * FROM animals  WHERE age="6" ORDER BY id DESC" | Exécution du script : 0.00070500373840332 secondes. parameter : 
[05/01/2019 à 22:57:12]"SELECT COUNT(*) FROM animals WHERE name="bob"" | Exécution du script : 0.00077986717224121 secondes. parameter : 
[05/01/2019 à 22:57:12]"SELECT * FROM animals WHERE name="bob" AND age="6"" | Exécution du script : 0.00043201446533203 secondes. parameter : name=bob,age=6
[05/01/2019 à 23:03:23]"INSERT INTO animals 
        (name, age, owner) VALUES ("Bob", "5", "David")" | Exécution du script : 0.00056910514831543 secondes. parameter : David
[05/01/2019 à 23:03:23]"UPDATE animals SET name="Bob", age="6", owner="David" WHERE id=1" | Exécution du script : 0.00038504600524902 secondes. parameter : "David", 1
[05/01/2019 à 23:03:23]"DELETE FROM animals WHERE id=1" | Exécution du script : 0.0001838207244873 secondes. parameter : 1
[05/01/2019 à 23:03:39]"INSERT INTO animals 
        (name, age, owner) VALUES ("Bob", "5", "David")" | Exécution du script : 0.00044488906860352 secondes. parameter : David
[05/01/2019 à 23:03:39]"UPDATE animals SET name="Bob", age="6", owner="David" WHERE id=1" | Exécution du script : 0.00048208236694336 secondes. parameter : "David", 1
[05/01/2019 à 23:03:39]"DELETE FROM animals WHERE id=1" | Exécution du script : 0.00040316581726074 secondes. parameter : 1
[05/01/2019 à 23:04:54]"INSERT INTO animals 
        (name, age, owner) VALUES ("Bob", "5", "David")" | Exécution du script : 0.00056815147399902 secondes. parameter : David
[05/01/2019 à 23:04:54]"UPDATE animals SET name="Bob", age="6", owner="David" WHERE id=1" | Exécution du script : 0.00041890144348145 secondes. parameter : "David", 1
[05/01/2019 à 23:04:54]"DELETE FROM animals WHERE id=1" | Exécution du script : 0.00031781196594238 secondes. parameter : 1
[05/01/2019 à 23:04:54]"SELECT * FROM animals WHERE id=1" | Exécution du script : 0.042668104171753 secondes. parameter : 1
[05/01/2019 à 23:04:54]"SELECT * FROM animals  WHERE age="6" ORDER BY id DESC" | Exécution du script : 0.0011439323425293 secondes. parameter : 
[05/01/2019 à 23:04:54]"SELECT COUNT(*) FROM animals WHERE name="bob"" | Exécution du script : 0.00075697898864746 secondes. parameter : 
[05/01/2019 à 23:04:54]"SELECT * FROM animals WHERE name="bob" AND age="6"" | Exécution du script : 0.00045204162597656 secondes. parameter : name=bob,age=6
[05/01/2019 à 23:05:01]"INSERT INTO animals 
        (name, age, owner) VALUES ("Bob", "5", "David")" | Exécution du script : 0.00032997131347656 secondes. parameter : David
[05/01/2019 à 23:05:01]"UPDATE animals SET name="Bob", age="6", owner="David" WHERE id=1" | Exécution du script : 0.00037908554077148 secondes. parameter : "David", 1
[05/01/2019 à 23:05:01]"DELETE FROM animals WHERE id=1" | Exécution du script : 0.00021886825561523 secondes. parameter : 1
[05/01/2019 à 23:05:21]"INSERT INTO animals 
        (name, age, owner) VALUES ("Bob", "5", "David")" | Exécution du script : 0.00039887428283691 secondes. parameter : David
[05/01/2019 à 23:05:21]"UPDATE animals SET name="Bob", age="6", owner="David" WHERE id=1" | Exécution du script : 0.00034999847412109 secondes. parameter : "David", 1
[05/01/2019 à 23:05:21]"DELETE FROM animals WHERE id=1" | Exécution du script : 0.00030803680419922 secondes. parameter : 1
[05/01/2019 à 23:05:22]"INSERT INTO animals 
        (name, age, owner) VALUES ("Bob", "5", "David")" | Exécution du script : 0.00030303001403809 secondes. parameter : David
[05/01/2019 à 23:05:22]"UPDATE animals SET name="Bob", age="6", owner="David" WHERE id=1" | Exécution du script : 0.00026392936706543 secondes. parameter : "David", 1
[05/01/2019 à 23:05:22]"DELETE FROM animals WHERE id=1" | Exécution du script : 0.00016999244689941 secondes. parameter : 1
[05/01/2019 à 23:05:29]"INSERT INTO animals 
        (name, age, owner) VALUES ("Bob", "5", "David")" | Exécution du script : 0.00053095817565918 secondes. parameter : David
[05/01/2019 à 23:05:29]"UPDATE animals SET name="Bob", age="6", owner="David" WHERE id=1" | Exécution du script : 0.00040507316589355 secondes. parameter : "David", 1
[05/01/2019 à 23:05:29]"DELETE FROM animals WHERE id=1" | Exécution du script : 0.00029397010803223 secondes. parameter : 1
[05/01/2019 à 23:05:29]"SELECT * FROM animals WHERE id=1" | Exécution du script : 0.00072193145751953 secondes. parameter : 1
[05/01/2019 à 23:05:29]"SELECT * FROM animals  WHERE age="6" ORDER BY id DESC" | Exécution du script : 0.00093388557434082 secondes. parameter : 
[05/01/2019 à 23:05:29]"SELECT COUNT(*) FROM animals WHERE name="bob"" | Exécution du script : 0.0008089542388916 secondes. parameter : 
[05/01/2019 à 23:05:29]"SELECT * FROM animals WHERE name="bob" AND age="6"" | Exécution du script : 0.00044894218444824 secondes. parameter : name=bob,age=6
[05/01/2019 à 23:06:13]"SELECT * FROM animals WHERE id=1" | Exécution du script : 0.00060176849365234 secondes. parameter : 1
[05/01/2019 à 23:06:19]"SELECT * FROM animals WHERE id=1" | Exécution du script : 0.00065994262695312 secondes. parameter : 1
[05/01/2019 à 23:08:17]"SELECT * FROM animals WHERE id=1" | Exécution du script : 0.00065207481384277 secondes. parameter : 1
[05/01/2019 à 23:11:29]"SELECT * FROM animals WHERE id=1" | Exécution du script : 0.00073409080505371 secondes. parameter : 1
[05/01/2019 à 23:12:41]"SELECT * FROM animals WHERE id=1" | Exécution du script : 0.00070786476135254 secondes. parameter : 1
[05/01/2019 à 23:12:50]"SELECT * FROM animals WHERE id=1" | Exécution du script : 0.00061678886413574 secondes. parameter : 1
[05/01/2019 à 23:13:17]"SELECT * FROM animals WHERE id=1" | Exécution du script : 0.001317024230957 secondes. parameter : 1
